{"C:\\Users\\15138\\Documents\\GitHub\\SSDI-PROJECT-8\\Controllers\\roomController.js": {"path":"C:\\Users\\15138\\Documents\\GitHub\\SSDI-PROJECT-8\\Controllers\\roomController.js","statementMap":{"0":{"start":{"line":1,"column":14},"end":{"line":1,"column":39}},"1":{"start":{"line":2,"column":13},"end":{"line":2,"column":38}},"2":{"start":{"line":3,"column":13},"end":{"line":3,"column":38}},"3":{"start":{"line":4,"column":19},"end":{"line":4,"column":35}},"4":{"start":{"line":5,"column":21},"end":{"line":5,"column":51}},"5":{"start":{"line":6,"column":19},"end":{"line":6,"column":49}},"6":{"start":{"line":7,"column":21},"end":{"line":7,"column":56}},"7":{"start":{"line":10,"column":0},"end":{"line":19,"column":2}},"8":{"start":{"line":11,"column":4},"end":{"line":18,"column":27}},"9":{"start":{"line":13,"column":12},"end":{"line":15,"column":13}},"10":{"start":{"line":14,"column":38},"end":{"line":14,"column":62}},"11":{"start":{"line":16,"column":12},"end":{"line":16,"column":76}},"12":{"start":{"line":18,"column":16},"end":{"line":18,"column":25}},"13":{"start":{"line":21,"column":0},"end":{"line":33,"column":1}},"14":{"start":{"line":22,"column":26},"end":{"line":22,"column":35}},"15":{"start":{"line":23,"column":4},"end":{"line":31,"column":6}},"16":{"start":{"line":24,"column":29},"end":{"line":24,"column":44}},"17":{"start":{"line":25,"column":8},"end":{"line":30,"column":9}},"18":{"start":{"line":26,"column":12},"end":{"line":26,"column":33}},"19":{"start":{"line":27,"column":12},"end":{"line":27,"column":49}},"20":{"start":{"line":28,"column":14},"end":{"line":30,"column":9}},"21":{"start":{"line":28,"column":51},"end":{"line":28,"column":102}},"22":{"start":{"line":29,"column":12},"end":{"line":29,"column":49}},"23":{"start":{"line":32,"column":4},"end":{"line":32,"column":27}},"24":{"start":{"line":36,"column":0},"end":{"line":40,"column":2}},"25":{"start":{"line":38,"column":4},"end":{"line":38,"column":36}},"26":{"start":{"line":42,"column":0},"end":{"line":62,"column":1}},"27":{"start":{"line":43,"column":15},"end":{"line":43,"column":34}},"28":{"start":{"line":44,"column":4},"end":{"line":44,"column":33}},"29":{"start":{"line":46,"column":4},"end":{"line":61,"column":7}},"30":{"start":{"line":48,"column":22},"end":{"line":48,"column":49}},"31":{"start":{"line":49,"column":8},"end":{"line":53,"column":30}},"32":{"start":{"line":50,"column":12},"end":{"line":50,"column":72}},"33":{"start":{"line":51,"column":12},"end":{"line":51,"column":35}},"34":{"start":{"line":53,"column":20},"end":{"line":53,"column":29}},"35":{"start":{"line":56,"column":8},"end":{"line":58,"column":9}},"36":{"start":{"line":57,"column":12},"end":{"line":57,"column":29}},"37":{"start":{"line":59,"column":8},"end":{"line":59,"column":50}},"38":{"start":{"line":60,"column":8},"end":{"line":60,"column":29}},"39":{"start":{"line":64,"column":0},"end":{"line":97,"column":2}},"40":{"start":{"line":65,"column":13},"end":{"line":65,"column":26}},"41":{"start":{"line":66,"column":21},"end":{"line":66,"column":22}},"42":{"start":{"line":67,"column":4},"end":{"line":72,"column":5}},"43":{"start":{"line":69,"column":18},"end":{"line":69,"column":56}},"44":{"start":{"line":70,"column":8},"end":{"line":70,"column":25}},"45":{"start":{"line":71,"column":8},"end":{"line":71,"column":18}},"46":{"start":{"line":74,"column":4},"end":{"line":96,"column":6}},"47":{"start":{"line":76,"column":8},"end":{"line":76,"column":39}},"48":{"start":{"line":77,"column":8},"end":{"line":91,"column":11}},"49":{"start":{"line":79,"column":12},"end":{"line":85,"column":13}},"50":{"start":{"line":80,"column":16},"end":{"line":80,"column":73}},"51":{"start":{"line":82,"column":26},"end":{"line":82,"column":54}},"52":{"start":{"line":83,"column":16},"end":{"line":83,"column":33}},"53":{"start":{"line":84,"column":16},"end":{"line":84,"column":26}},"54":{"start":{"line":88,"column":12},"end":{"line":88,"column":69}},"55":{"start":{"line":89,"column":12},"end":{"line":89,"column":28}},"56":{"start":{"line":90,"column":12},"end":{"line":90,"column":45}},"57":{"start":{"line":94,"column":8},"end":{"line":94,"column":25}},"58":{"start":{"line":95,"column":8},"end":{"line":95,"column":17}},"59":{"start":{"line":101,"column":0},"end":{"line":126,"column":2}},"60":{"start":{"line":102,"column":13},"end":{"line":102,"column":26}},"61":{"start":{"line":103,"column":4},"end":{"line":108,"column":5}},"62":{"start":{"line":105,"column":18},"end":{"line":105,"column":64}},"63":{"start":{"line":106,"column":8},"end":{"line":106,"column":25}},"64":{"start":{"line":107,"column":8},"end":{"line":107,"column":18}},"65":{"start":{"line":109,"column":4},"end":{"line":125,"column":7}},"66":{"start":{"line":112,"column":8},"end":{"line":118,"column":9}},"67":{"start":{"line":113,"column":12},"end":{"line":113,"column":52}},"68":{"start":{"line":115,"column":22},"end":{"line":115,"column":58}},"69":{"start":{"line":116,"column":12},"end":{"line":116,"column":29}},"70":{"start":{"line":117,"column":12},"end":{"line":117,"column":22}},"71":{"start":{"line":121,"column":8},"end":{"line":121,"column":68}},"72":{"start":{"line":122,"column":8},"end":{"line":122,"column":25}},"73":{"start":{"line":123,"column":8},"end":{"line":123,"column":31}},"74":{"start":{"line":124,"column":8},"end":{"line":124,"column":42}},"75":{"start":{"line":128,"column":0},"end":{"line":155,"column":2}},"76":{"start":{"line":129,"column":15},"end":{"line":129,"column":23}},"77":{"start":{"line":130,"column":4},"end":{"line":135,"column":5}},"78":{"start":{"line":132,"column":18},"end":{"line":132,"column":56}},"79":{"start":{"line":133,"column":8},"end":{"line":133,"column":25}},"80":{"start":{"line":134,"column":8},"end":{"line":134,"column":18}},"81":{"start":{"line":136,"column":4},"end":{"line":136,"column":35}},"82":{"start":{"line":137,"column":4},"end":{"line":154,"column":7}},"83":{"start":{"line":139,"column":8},"end":{"line":146,"column":9}},"84":{"start":{"line":140,"column":12},"end":{"line":140,"column":83}},"85":{"start":{"line":141,"column":12},"end":{"line":141,"column":43}},"86":{"start":{"line":143,"column":22},"end":{"line":143,"column":78}},"87":{"start":{"line":144,"column":12},"end":{"line":144,"column":29}},"88":{"start":{"line":145,"column":12},"end":{"line":145,"column":22}},"89":{"start":{"line":149,"column":8},"end":{"line":151,"column":9}},"90":{"start":{"line":150,"column":12},"end":{"line":150,"column":29}},"91":{"start":{"line":152,"column":8},"end":{"line":152,"column":39}},"92":{"start":{"line":153,"column":8},"end":{"line":153,"column":29}},"93":{"start":{"line":157,"column":0},"end":{"line":257,"column":1}},"94":{"start":{"line":158,"column":15},"end":{"line":158,"column":39}},"95":{"start":{"line":159,"column":17},"end":{"line":159,"column":44}},"96":{"start":{"line":160,"column":4},"end":{"line":256,"column":5}},"97":{"start":{"line":161,"column":18},"end":{"line":161,"column":66}},"98":{"start":{"line":162,"column":8},"end":{"line":162,"column":24}},"99":{"start":{"line":163,"column":8},"end":{"line":163,"column":18}},"100":{"start":{"line":164,"column":10},"end":{"line":256,"column":5}},"101":{"start":{"line":165,"column":8},"end":{"line":169,"column":33}},"102":{"start":{"line":167,"column":12},"end":{"line":167,"column":32}},"103":{"start":{"line":169,"column":21},"end":{"line":169,"column":30}},"104":{"start":{"line":171,"column":8},"end":{"line":175,"column":33}},"105":{"start":{"line":173,"column":12},"end":{"line":173,"column":32}},"106":{"start":{"line":175,"column":21},"end":{"line":175,"column":30}},"107":{"start":{"line":177,"column":8},"end":{"line":181,"column":33}},"108":{"start":{"line":179,"column":12},"end":{"line":179,"column":32}},"109":{"start":{"line":181,"column":21},"end":{"line":181,"column":30}},"110":{"start":{"line":183,"column":8},"end":{"line":192,"column":10}},"111":{"start":{"line":185,"column":16},"end":{"line":185,"column":79}},"112":{"start":{"line":186,"column":16},"end":{"line":186,"column":47}},"113":{"start":{"line":190,"column":12},"end":{"line":190,"column":29}},"114":{"start":{"line":191,"column":12},"end":{"line":191,"column":21}},"115":{"start":{"line":193,"column":10},"end":{"line":256,"column":5}},"116":{"start":{"line":194,"column":8},"end":{"line":198,"column":33}},"117":{"start":{"line":196,"column":12},"end":{"line":196,"column":32}},"118":{"start":{"line":198,"column":21},"end":{"line":198,"column":30}},"119":{"start":{"line":200,"column":8},"end":{"line":204,"column":33}},"120":{"start":{"line":202,"column":12},"end":{"line":202,"column":32}},"121":{"start":{"line":204,"column":21},"end":{"line":204,"column":30}},"122":{"start":{"line":206,"column":8},"end":{"line":210,"column":33}},"123":{"start":{"line":208,"column":12},"end":{"line":208,"column":32}},"124":{"start":{"line":210,"column":21},"end":{"line":210,"column":30}},"125":{"start":{"line":212,"column":8},"end":{"line":222,"column":10}},"126":{"start":{"line":214,"column":12},"end":{"line":214,"column":31}},"127":{"start":{"line":215,"column":16},"end":{"line":215,"column":79}},"128":{"start":{"line":216,"column":16},"end":{"line":216,"column":47}},"129":{"start":{"line":220,"column":12},"end":{"line":220,"column":29}},"130":{"start":{"line":221,"column":12},"end":{"line":221,"column":21}},"131":{"start":{"line":223,"column":10},"end":{"line":256,"column":5}},"132":{"start":{"line":224,"column":8},"end":{"line":228,"column":33}},"133":{"start":{"line":226,"column":12},"end":{"line":226,"column":32}},"134":{"start":{"line":228,"column":21},"end":{"line":228,"column":30}},"135":{"start":{"line":230,"column":8},"end":{"line":234,"column":33}},"136":{"start":{"line":232,"column":12},"end":{"line":232,"column":32}},"137":{"start":{"line":234,"column":21},"end":{"line":234,"column":30}},"138":{"start":{"line":236,"column":8},"end":{"line":240,"column":33}},"139":{"start":{"line":238,"column":12},"end":{"line":238,"column":32}},"140":{"start":{"line":240,"column":21},"end":{"line":240,"column":30}},"141":{"start":{"line":242,"column":8},"end":{"line":251,"column":10}},"142":{"start":{"line":244,"column":16},"end":{"line":244,"column":79}},"143":{"start":{"line":245,"column":16},"end":{"line":245,"column":47}},"144":{"start":{"line":249,"column":12},"end":{"line":249,"column":29}},"145":{"start":{"line":250,"column":12},"end":{"line":250,"column":21}},"146":{"start":{"line":253,"column":18},"end":{"line":253,"column":66}},"147":{"start":{"line":254,"column":8},"end":{"line":254,"column":24}},"148":{"start":{"line":255,"column":8},"end":{"line":255,"column":18}},"149":{"start":{"line":259,"column":0},"end":{"line":295,"column":1}},"150":{"start":{"line":260,"column":15},"end":{"line":260,"column":39}},"151":{"start":{"line":261,"column":17},"end":{"line":261,"column":44}},"152":{"start":{"line":262,"column":4},"end":{"line":294,"column":5}},"153":{"start":{"line":263,"column":18},"end":{"line":263,"column":71}},"154":{"start":{"line":264,"column":8},"end":{"line":264,"column":25}},"155":{"start":{"line":265,"column":8},"end":{"line":265,"column":18}},"156":{"start":{"line":266,"column":10},"end":{"line":294,"column":5}},"157":{"start":{"line":267,"column":8},"end":{"line":273,"column":33}},"158":{"start":{"line":269,"column":12},"end":{"line":269,"column":32}},"159":{"start":{"line":270,"column":12},"end":{"line":270,"column":66}},"160":{"start":{"line":271,"column":12},"end":{"line":271,"column":43}},"161":{"start":{"line":273,"column":21},"end":{"line":273,"column":30}},"162":{"start":{"line":274,"column":10},"end":{"line":294,"column":5}},"163":{"start":{"line":275,"column":8},"end":{"line":281,"column":29}},"164":{"start":{"line":277,"column":12},"end":{"line":277,"column":32}},"165":{"start":{"line":278,"column":12},"end":{"line":278,"column":66}},"166":{"start":{"line":279,"column":12},"end":{"line":279,"column":43}},"167":{"start":{"line":281,"column":17},"end":{"line":281,"column":26}},"168":{"start":{"line":282,"column":10},"end":{"line":294,"column":5}},"169":{"start":{"line":283,"column":8},"end":{"line":289,"column":33}},"170":{"start":{"line":285,"column":12},"end":{"line":285,"column":32}},"171":{"start":{"line":286,"column":12},"end":{"line":286,"column":66}},"172":{"start":{"line":287,"column":12},"end":{"line":287,"column":43}},"173":{"start":{"line":289,"column":21},"end":{"line":289,"column":30}},"174":{"start":{"line":291,"column":18},"end":{"line":291,"column":73}},"175":{"start":{"line":292,"column":8},"end":{"line":292,"column":25}},"176":{"start":{"line":293,"column":8},"end":{"line":293,"column":18}},"177":{"start":{"line":299,"column":0},"end":{"line":322,"column":2}},"178":{"start":{"line":300,"column":4},"end":{"line":305,"column":5}},"179":{"start":{"line":302,"column":18},"end":{"line":302,"column":64}},"180":{"start":{"line":303,"column":8},"end":{"line":303,"column":25}},"181":{"start":{"line":304,"column":8},"end":{"line":304,"column":18}},"182":{"start":{"line":306,"column":4},"end":{"line":321,"column":29}},"183":{"start":{"line":308,"column":8},"end":{"line":319,"column":9}},"184":{"start":{"line":309,"column":12},"end":{"line":314,"column":35}},"185":{"start":{"line":311,"column":16},"end":{"line":311,"column":85}},"186":{"start":{"line":312,"column":16},"end":{"line":312,"column":39}},"187":{"start":{"line":314,"column":24},"end":{"line":314,"column":33}},"188":{"start":{"line":316,"column":22},"end":{"line":316,"column":87}},"189":{"start":{"line":317,"column":12},"end":{"line":317,"column":29}},"190":{"start":{"line":318,"column":12},"end":{"line":318,"column":22}},"191":{"start":{"line":321,"column":18},"end":{"line":321,"column":27}}},"fnMap":{"0":{"name":"(anonymous_0)","decl":{"start":{"line":10,"column":16},"end":{"line":10,"column":17}},"loc":{"start":{"line":10,"column":32},"end":{"line":19,"column":1}},"line":10},"1":{"name":"(anonymous_1)","decl":{"start":{"line":12,"column":10},"end":{"line":12,"column":11}},"loc":{"start":{"line":12,"column":17},"end":{"line":17,"column":5}},"line":12},"2":{"name":"(anonymous_2)","decl":{"start":{"line":18,"column":11},"end":{"line":18,"column":12}},"loc":{"start":{"line":18,"column":16},"end":{"line":18,"column":25}},"line":18},"3":{"name":"(anonymous_3)","decl":{"start":{"line":21,"column":20},"end":{"line":21,"column":21}},"loc":{"start":{"line":21,"column":35},"end":{"line":33,"column":1}},"line":21},"4":{"name":"(anonymous_4)","decl":{"start":{"line":23,"column":18},"end":{"line":23,"column":19}},"loc":{"start":{"line":23,"column":24},"end":{"line":31,"column":5}},"line":23},"5":{"name":"(anonymous_5)","decl":{"start":{"line":28,"column":43},"end":{"line":28,"column":44}},"loc":{"start":{"line":28,"column":51},"end":{"line":28,"column":102}},"line":28},"6":{"name":"(anonymous_6)","decl":{"start":{"line":36,"column":14},"end":{"line":36,"column":15}},"loc":{"start":{"line":36,"column":25},"end":{"line":40,"column":1}},"line":36},"7":{"name":"(anonymous_7)","decl":{"start":{"line":42,"column":17},"end":{"line":42,"column":18}},"loc":{"start":{"line":42,"column":34},"end":{"line":62,"column":1}},"line":42},"8":{"name":"(anonymous_8)","decl":{"start":{"line":47,"column":10},"end":{"line":47,"column":11}},"loc":{"start":{"line":47,"column":16},"end":{"line":54,"column":5}},"line":47},"9":{"name":"(anonymous_9)","decl":{"start":{"line":49,"column":28},"end":{"line":49,"column":29}},"loc":{"start":{"line":49,"column":34},"end":{"line":52,"column":9}},"line":49},"10":{"name":"(anonymous_10)","decl":{"start":{"line":53,"column":15},"end":{"line":53,"column":16}},"loc":{"start":{"line":53,"column":20},"end":{"line":53,"column":29}},"line":53},"11":{"name":"(anonymous_11)","decl":{"start":{"line":55,"column":11},"end":{"line":55,"column":12}},"loc":{"start":{"line":55,"column":17},"end":{"line":61,"column":5}},"line":55},"12":{"name":"(anonymous_12)","decl":{"start":{"line":64,"column":15},"end":{"line":64,"column":16}},"loc":{"start":{"line":64,"column":31},"end":{"line":97,"column":1}},"line":64},"13":{"name":"(anonymous_13)","decl":{"start":{"line":75,"column":10},"end":{"line":75,"column":11}},"loc":{"start":{"line":75,"column":18},"end":{"line":92,"column":5}},"line":75},"14":{"name":"(anonymous_14)","decl":{"start":{"line":78,"column":14},"end":{"line":78,"column":15}},"loc":{"start":{"line":78,"column":20},"end":{"line":86,"column":9}},"line":78},"15":{"name":"(anonymous_15)","decl":{"start":{"line":87,"column":15},"end":{"line":87,"column":16}},"loc":{"start":{"line":87,"column":20},"end":{"line":91,"column":9}},"line":87},"16":{"name":"(anonymous_16)","decl":{"start":{"line":93,"column":11},"end":{"line":93,"column":12}},"loc":{"start":{"line":93,"column":16},"end":{"line":96,"column":5}},"line":93},"17":{"name":"(anonymous_17)","decl":{"start":{"line":101,"column":15},"end":{"line":101,"column":16}},"loc":{"start":{"line":101,"column":31},"end":{"line":126,"column":1}},"line":101},"18":{"name":"(anonymous_18)","decl":{"start":{"line":110,"column":10},"end":{"line":110,"column":11}},"loc":{"start":{"line":110,"column":16},"end":{"line":119,"column":5}},"line":110},"19":{"name":"(anonymous_19)","decl":{"start":{"line":120,"column":11},"end":{"line":120,"column":12}},"loc":{"start":{"line":120,"column":16},"end":{"line":125,"column":5}},"line":120},"20":{"name":"(anonymous_20)","decl":{"start":{"line":128,"column":15},"end":{"line":128,"column":16}},"loc":{"start":{"line":128,"column":31},"end":{"line":155,"column":1}},"line":128},"21":{"name":"(anonymous_21)","decl":{"start":{"line":138,"column":10},"end":{"line":138,"column":11}},"loc":{"start":{"line":138,"column":16},"end":{"line":147,"column":5}},"line":138},"22":{"name":"(anonymous_22)","decl":{"start":{"line":148,"column":11},"end":{"line":148,"column":12}},"loc":{"start":{"line":148,"column":16},"end":{"line":154,"column":5}},"line":148},"23":{"name":"(anonymous_23)","decl":{"start":{"line":157,"column":15},"end":{"line":157,"column":16}},"loc":{"start":{"line":157,"column":32},"end":{"line":257,"column":1}},"line":157},"24":{"name":"(anonymous_24)","decl":{"start":{"line":166,"column":14},"end":{"line":166,"column":15}},"loc":{"start":{"line":166,"column":22},"end":{"line":168,"column":9}},"line":166},"25":{"name":"(anonymous_25)","decl":{"start":{"line":169,"column":15},"end":{"line":169,"column":16}},"loc":{"start":{"line":169,"column":20},"end":{"line":169,"column":31}},"line":169},"26":{"name":"(anonymous_26)","decl":{"start":{"line":172,"column":14},"end":{"line":172,"column":15}},"loc":{"start":{"line":172,"column":22},"end":{"line":174,"column":9}},"line":172},"27":{"name":"(anonymous_27)","decl":{"start":{"line":175,"column":15},"end":{"line":175,"column":16}},"loc":{"start":{"line":175,"column":20},"end":{"line":175,"column":31}},"line":175},"28":{"name":"(anonymous_28)","decl":{"start":{"line":178,"column":14},"end":{"line":178,"column":15}},"loc":{"start":{"line":178,"column":22},"end":{"line":180,"column":9}},"line":178},"29":{"name":"(anonymous_29)","decl":{"start":{"line":181,"column":15},"end":{"line":181,"column":16}},"loc":{"start":{"line":181,"column":20},"end":{"line":181,"column":31}},"line":181},"30":{"name":"(anonymous_30)","decl":{"start":{"line":184,"column":14},"end":{"line":184,"column":15}},"loc":{"start":{"line":184,"column":22},"end":{"line":188,"column":9}},"line":184},"31":{"name":"(anonymous_31)","decl":{"start":{"line":189,"column":15},"end":{"line":189,"column":16}},"loc":{"start":{"line":189,"column":20},"end":{"line":192,"column":9}},"line":189},"32":{"name":"(anonymous_32)","decl":{"start":{"line":195,"column":14},"end":{"line":195,"column":15}},"loc":{"start":{"line":195,"column":22},"end":{"line":197,"column":9}},"line":195},"33":{"name":"(anonymous_33)","decl":{"start":{"line":198,"column":15},"end":{"line":198,"column":16}},"loc":{"start":{"line":198,"column":20},"end":{"line":198,"column":31}},"line":198},"34":{"name":"(anonymous_34)","decl":{"start":{"line":201,"column":14},"end":{"line":201,"column":15}},"loc":{"start":{"line":201,"column":22},"end":{"line":203,"column":9}},"line":201},"35":{"name":"(anonymous_35)","decl":{"start":{"line":204,"column":15},"end":{"line":204,"column":16}},"loc":{"start":{"line":204,"column":20},"end":{"line":204,"column":31}},"line":204},"36":{"name":"(anonymous_36)","decl":{"start":{"line":207,"column":14},"end":{"line":207,"column":15}},"loc":{"start":{"line":207,"column":22},"end":{"line":209,"column":9}},"line":207},"37":{"name":"(anonymous_37)","decl":{"start":{"line":210,"column":15},"end":{"line":210,"column":16}},"loc":{"start":{"line":210,"column":20},"end":{"line":210,"column":31}},"line":210},"38":{"name":"(anonymous_38)","decl":{"start":{"line":213,"column":14},"end":{"line":213,"column":15}},"loc":{"start":{"line":213,"column":22},"end":{"line":218,"column":9}},"line":213},"39":{"name":"(anonymous_39)","decl":{"start":{"line":219,"column":15},"end":{"line":219,"column":16}},"loc":{"start":{"line":219,"column":20},"end":{"line":222,"column":9}},"line":219},"40":{"name":"(anonymous_40)","decl":{"start":{"line":225,"column":14},"end":{"line":225,"column":15}},"loc":{"start":{"line":225,"column":22},"end":{"line":227,"column":9}},"line":225},"41":{"name":"(anonymous_41)","decl":{"start":{"line":228,"column":15},"end":{"line":228,"column":16}},"loc":{"start":{"line":228,"column":20},"end":{"line":228,"column":31}},"line":228},"42":{"name":"(anonymous_42)","decl":{"start":{"line":231,"column":14},"end":{"line":231,"column":15}},"loc":{"start":{"line":231,"column":22},"end":{"line":233,"column":9}},"line":231},"43":{"name":"(anonymous_43)","decl":{"start":{"line":234,"column":15},"end":{"line":234,"column":16}},"loc":{"start":{"line":234,"column":20},"end":{"line":234,"column":31}},"line":234},"44":{"name":"(anonymous_44)","decl":{"start":{"line":237,"column":14},"end":{"line":237,"column":15}},"loc":{"start":{"line":237,"column":22},"end":{"line":239,"column":9}},"line":237},"45":{"name":"(anonymous_45)","decl":{"start":{"line":240,"column":15},"end":{"line":240,"column":16}},"loc":{"start":{"line":240,"column":20},"end":{"line":240,"column":31}},"line":240},"46":{"name":"(anonymous_46)","decl":{"start":{"line":243,"column":14},"end":{"line":243,"column":15}},"loc":{"start":{"line":243,"column":22},"end":{"line":247,"column":9}},"line":243},"47":{"name":"(anonymous_47)","decl":{"start":{"line":248,"column":15},"end":{"line":248,"column":16}},"loc":{"start":{"line":248,"column":20},"end":{"line":251,"column":9}},"line":248},"48":{"name":"(anonymous_48)","decl":{"start":{"line":259,"column":21},"end":{"line":259,"column":22}},"loc":{"start":{"line":259,"column":37},"end":{"line":295,"column":1}},"line":259},"49":{"name":"(anonymous_49)","decl":{"start":{"line":268,"column":14},"end":{"line":268,"column":15}},"loc":{"start":{"line":268,"column":22},"end":{"line":272,"column":9}},"line":268},"50":{"name":"(anonymous_50)","decl":{"start":{"line":273,"column":15},"end":{"line":273,"column":16}},"loc":{"start":{"line":273,"column":20},"end":{"line":273,"column":31}},"line":273},"51":{"name":"(anonymous_51)","decl":{"start":{"line":276,"column":14},"end":{"line":276,"column":15}},"loc":{"start":{"line":276,"column":22},"end":{"line":280,"column":9}},"line":276},"52":{"name":"(anonymous_52)","decl":{"start":{"line":281,"column":11},"end":{"line":281,"column":12}},"loc":{"start":{"line":281,"column":16},"end":{"line":281,"column":27}},"line":281},"53":{"name":"(anonymous_53)","decl":{"start":{"line":284,"column":14},"end":{"line":284,"column":15}},"loc":{"start":{"line":284,"column":22},"end":{"line":288,"column":9}},"line":284},"54":{"name":"(anonymous_54)","decl":{"start":{"line":289,"column":15},"end":{"line":289,"column":16}},"loc":{"start":{"line":289,"column":20},"end":{"line":289,"column":31}},"line":289},"55":{"name":"(anonymous_55)","decl":{"start":{"line":299,"column":17},"end":{"line":299,"column":18}},"loc":{"start":{"line":299,"column":33},"end":{"line":322,"column":1}},"line":299},"56":{"name":"(anonymous_56)","decl":{"start":{"line":307,"column":10},"end":{"line":307,"column":11}},"loc":{"start":{"line":307,"column":17},"end":{"line":320,"column":5}},"line":307},"57":{"name":"(anonymous_57)","decl":{"start":{"line":310,"column":18},"end":{"line":310,"column":19}},"loc":{"start":{"line":310,"column":26},"end":{"line":313,"column":13}},"line":310},"58":{"name":"(anonymous_58)","decl":{"start":{"line":314,"column":19},"end":{"line":314,"column":20}},"loc":{"start":{"line":314,"column":24},"end":{"line":314,"column":33}},"line":314},"59":{"name":"(anonymous_59)","decl":{"start":{"line":321,"column":11},"end":{"line":321,"column":12}},"loc":{"start":{"line":321,"column":18},"end":{"line":321,"column":27}},"line":321}},"branchMap":{"0":{"loc":{"start":{"line":13,"column":12},"end":{"line":15,"column":13}},"type":"if","locations":[{"start":{"line":13,"column":12},"end":{"line":15,"column":13}},{"start":{},"end":{}}],"line":13},"1":{"loc":{"start":{"line":25,"column":8},"end":{"line":30,"column":9}},"type":"if","locations":[{"start":{"line":25,"column":8},"end":{"line":30,"column":9}},{"start":{"line":28,"column":14},"end":{"line":30,"column":9}}],"line":25},"2":{"loc":{"start":{"line":28,"column":14},"end":{"line":30,"column":9}},"type":"if","locations":[{"start":{"line":28,"column":14},"end":{"line":30,"column":9}},{"start":{},"end":{}}],"line":28},"3":{"loc":{"start":{"line":56,"column":8},"end":{"line":58,"column":9}},"type":"if","locations":[{"start":{"line":56,"column":8},"end":{"line":58,"column":9}},{"start":{},"end":{}}],"line":56},"4":{"loc":{"start":{"line":67,"column":4},"end":{"line":72,"column":5}},"type":"if","locations":[{"start":{"line":67,"column":4},"end":{"line":72,"column":5}},{"start":{},"end":{}}],"line":67},"5":{"loc":{"start":{"line":79,"column":12},"end":{"line":85,"column":13}},"type":"if","locations":[{"start":{"line":79,"column":12},"end":{"line":85,"column":13}},{"start":{"line":81,"column":17},"end":{"line":85,"column":13}}],"line":79},"6":{"loc":{"start":{"line":103,"column":4},"end":{"line":108,"column":5}},"type":"if","locations":[{"start":{"line":103,"column":4},"end":{"line":108,"column":5}},{"start":{},"end":{}}],"line":103},"7":{"loc":{"start":{"line":112,"column":8},"end":{"line":118,"column":9}},"type":"if","locations":[{"start":{"line":112,"column":8},"end":{"line":118,"column":9}},{"start":{"line":114,"column":13},"end":{"line":118,"column":9}}],"line":112},"8":{"loc":{"start":{"line":130,"column":4},"end":{"line":135,"column":5}},"type":"if","locations":[{"start":{"line":130,"column":4},"end":{"line":135,"column":5}},{"start":{},"end":{}}],"line":130},"9":{"loc":{"start":{"line":139,"column":8},"end":{"line":146,"column":9}},"type":"if","locations":[{"start":{"line":139,"column":8},"end":{"line":146,"column":9}},{"start":{"line":142,"column":13},"end":{"line":146,"column":9}}],"line":139},"10":{"loc":{"start":{"line":149,"column":8},"end":{"line":151,"column":9}},"type":"if","locations":[{"start":{"line":149,"column":8},"end":{"line":151,"column":9}},{"start":{},"end":{}}],"line":149},"11":{"loc":{"start":{"line":160,"column":4},"end":{"line":256,"column":5}},"type":"if","locations":[{"start":{"line":160,"column":4},"end":{"line":256,"column":5}},{"start":{"line":164,"column":10},"end":{"line":256,"column":5}}],"line":160},"12":{"loc":{"start":{"line":164,"column":10},"end":{"line":256,"column":5}},"type":"if","locations":[{"start":{"line":164,"column":10},"end":{"line":256,"column":5}},{"start":{"line":193,"column":10},"end":{"line":256,"column":5}}],"line":164},"13":{"loc":{"start":{"line":193,"column":10},"end":{"line":256,"column":5}},"type":"if","locations":[{"start":{"line":193,"column":10},"end":{"line":256,"column":5}},{"start":{"line":223,"column":10},"end":{"line":256,"column":5}}],"line":193},"14":{"loc":{"start":{"line":223,"column":10},"end":{"line":256,"column":5}},"type":"if","locations":[{"start":{"line":223,"column":10},"end":{"line":256,"column":5}},{"start":{"line":252,"column":10},"end":{"line":256,"column":5}}],"line":223},"15":{"loc":{"start":{"line":262,"column":4},"end":{"line":294,"column":5}},"type":"if","locations":[{"start":{"line":262,"column":4},"end":{"line":294,"column":5}},{"start":{"line":266,"column":10},"end":{"line":294,"column":5}}],"line":262},"16":{"loc":{"start":{"line":266,"column":10},"end":{"line":294,"column":5}},"type":"if","locations":[{"start":{"line":266,"column":10},"end":{"line":294,"column":5}},{"start":{"line":274,"column":10},"end":{"line":294,"column":5}}],"line":266},"17":{"loc":{"start":{"line":274,"column":10},"end":{"line":294,"column":5}},"type":"if","locations":[{"start":{"line":274,"column":10},"end":{"line":294,"column":5}},{"start":{"line":282,"column":10},"end":{"line":294,"column":5}}],"line":274},"18":{"loc":{"start":{"line":282,"column":10},"end":{"line":294,"column":5}},"type":"if","locations":[{"start":{"line":282,"column":10},"end":{"line":294,"column":5}},{"start":{"line":290,"column":10},"end":{"line":294,"column":5}}],"line":282},"19":{"loc":{"start":{"line":300,"column":4},"end":{"line":305,"column":5}},"type":"if","locations":[{"start":{"line":300,"column":4},"end":{"line":305,"column":5}},{"start":{},"end":{}}],"line":300},"20":{"loc":{"start":{"line":308,"column":8},"end":{"line":319,"column":9}},"type":"if","locations":[{"start":{"line":308,"column":8},"end":{"line":319,"column":9}},{"start":{"line":315,"column":14},"end":{"line":319,"column":9}}],"line":308}},"s":{"0":1,"1":1,"2":1,"3":1,"4":1,"5":1,"6":1,"7":1,"8":3,"9":1,"10":1,"11":1,"12":2,"13":1,"14":1,"15":1,"16":1,"17":1,"18":1,"19":1,"20":0,"21":0,"22":0,"23":1,"24":1,"25":0,"26":1,"27":0,"28":0,"29":0,"30":0,"31":0,"32":0,"33":0,"34":0,"35":0,"36":0,"37":0,"38":0,"39":1,"40":0,"41":0,"42":0,"43":0,"44":0,"45":0,"46":0,"47":0,"48":0,"49":0,"50":0,"51":0,"52":0,"53":0,"54":0,"55":0,"56":0,"57":0,"58":0,"59":1,"60":0,"61":0,"62":0,"63":0,"64":0,"65":0,"66":0,"67":0,"68":0,"69":0,"70":0,"71":0,"72":0,"73":0,"74":0,"75":1,"76":0,"77":0,"78":0,"79":0,"80":0,"81":0,"82":0,"83":0,"84":0,"85":0,"86":0,"87":0,"88":0,"89":0,"90":0,"91":0,"92":0,"93":1,"94":0,"95":0,"96":0,"97":0,"98":0,"99":0,"100":0,"101":0,"102":0,"103":0,"104":0,"105":0,"106":0,"107":0,"108":0,"109":0,"110":0,"111":0,"112":0,"113":0,"114":0,"115":0,"116":0,"117":0,"118":0,"119":0,"120":0,"121":0,"122":0,"123":0,"124":0,"125":0,"126":0,"127":0,"128":0,"129":0,"130":0,"131":0,"132":0,"133":0,"134":0,"135":0,"136":0,"137":0,"138":0,"139":0,"140":0,"141":0,"142":0,"143":0,"144":0,"145":0,"146":0,"147":0,"148":0,"149":1,"150":0,"151":0,"152":0,"153":0,"154":0,"155":0,"156":0,"157":0,"158":0,"159":0,"160":0,"161":0,"162":0,"163":0,"164":0,"165":0,"166":0,"167":0,"168":0,"169":0,"170":0,"171":0,"172":0,"173":0,"174":0,"175":0,"176":0,"177":1,"178":0,"179":0,"180":0,"181":0,"182":0,"183":0,"184":0,"185":0,"186":0,"187":0,"188":0,"189":0,"190":0,"191":0},"f":{"0":3,"1":1,"2":2,"3":1,"4":1,"5":0,"6":0,"7":0,"8":0,"9":0,"10":0,"11":0,"12":0,"13":0,"14":0,"15":0,"16":0,"17":0,"18":0,"19":0,"20":0,"21":0,"22":0,"23":0,"24":0,"25":0,"26":0,"27":0,"28":0,"29":0,"30":0,"31":0,"32":0,"33":0,"34":0,"35":0,"36":0,"37":0,"38":0,"39":0,"40":0,"41":0,"42":0,"43":0,"44":0,"45":0,"46":0,"47":0,"48":0,"49":0,"50":0,"51":0,"52":0,"53":0,"54":0,"55":0,"56":0,"57":0,"58":0,"59":0},"b":{"0":[1,0],"1":[1,0],"2":[0,0],"3":[0,0],"4":[0,0],"5":[0,0],"6":[0,0],"7":[0,0],"8":[0,0],"9":[0,0],"10":[0,0],"11":[0,0],"12":[0,0],"13":[0,0],"14":[0,0],"15":[0,0],"16":[0,0],"17":[0,0],"18":[0,0],"19":[0,0],"20":[0,0]},"_coverageSchema":"1a1c01bbd47fc00a2c39e90264f33305004495a9","hash":"ae1f6f85cc5f86a79be89e04d46203f9776598af"}
,"C:\\Users\\15138\\Documents\\GitHub\\SSDI-PROJECT-8\\Models\\room.js": {"path":"C:\\Users\\15138\\Documents\\GitHub\\SSDI-PROJECT-8\\Models\\room.js","statementMap":{"0":{"start":{"line":1,"column":20},"end":{"line":1,"column":36}},"1":{"start":{"line":2,"column":19},"end":{"line":2,"column":35}},"2":{"start":{"line":4,"column":17},"end":{"line":4,"column":36}},"3":{"start":{"line":5,"column":15},"end":{"line":5,"column":30}},"4":{"start":{"line":7,"column":19},"end":{"line":28,"column":1}},"5":{"start":{"line":29,"column":0},"end":{"line":29,"column":49}},"6":{"start":{"line":31,"column":0},"end":{"line":31,"column":31}},"7":{"start":{"line":31,"column":25},"end":{"line":31,"column":30}},"8":{"start":{"line":33,"column":0},"end":{"line":33,"column":25}},"9":{"start":{"line":33,"column":19},"end":{"line":33,"column":24}},"10":{"start":{"line":35,"column":0},"end":{"line":46,"column":2}},"11":{"start":{"line":37,"column":4},"end":{"line":44,"column":5}},"12":{"start":{"line":38,"column":8},"end":{"line":42,"column":11}},"13":{"start":{"line":39,"column":12},"end":{"line":41,"column":13}},"14":{"start":{"line":40,"column":16},"end":{"line":40,"column":33}},"15":{"start":{"line":43,"column":8},"end":{"line":43,"column":40}},"16":{"start":{"line":43,"column":34},"end":{"line":43,"column":40}},"17":{"start":{"line":45,"column":4},"end":{"line":45,"column":21}},"18":{"start":{"line":49,"column":0},"end":{"line":125,"column":2}},"19":{"start":{"line":50,"column":17},"end":{"line":50,"column":29}},"20":{"start":{"line":51,"column":19},"end":{"line":51,"column":20}},"21":{"start":{"line":52,"column":4},"end":{"line":70,"column":7}},"22":{"start":{"line":53,"column":8},"end":{"line":69,"column":11}},"23":{"start":{"line":54,"column":12},"end":{"line":68,"column":13}},"24":{"start":{"line":56,"column":16},"end":{"line":56,"column":43}},"25":{"start":{"line":57,"column":16},"end":{"line":57,"column":47}},"26":{"start":{"line":58,"column":16},"end":{"line":58,"column":45}},"27":{"start":{"line":59,"column":16},"end":{"line":59,"column":43}},"28":{"start":{"line":60,"column":16},"end":{"line":60,"column":53}},"29":{"start":{"line":61,"column":16},"end":{"line":61,"column":49}},"30":{"start":{"line":62,"column":16},"end":{"line":62,"column":51}},"31":{"start":{"line":63,"column":16},"end":{"line":63,"column":51}},"32":{"start":{"line":64,"column":16},"end":{"line":64,"column":51}},"33":{"start":{"line":65,"column":16},"end":{"line":65,"column":49}},"34":{"start":{"line":66,"column":16},"end":{"line":66,"column":33}},"35":{"start":{"line":67,"column":16},"end":{"line":67,"column":30}},"36":{"start":{"line":71,"column":4},"end":{"line":98,"column":5}},"37":{"start":{"line":72,"column":8},"end":{"line":78,"column":11}},"38":{"start":{"line":73,"column":12},"end":{"line":77,"column":13}},"39":{"start":{"line":74,"column":16},"end":{"line":74,"column":45}},"40":{"start":{"line":75,"column":16},"end":{"line":75,"column":33}},"41":{"start":{"line":76,"column":16},"end":{"line":76,"column":30}},"42":{"start":{"line":79,"column":8},"end":{"line":97,"column":9}},"43":{"start":{"line":80,"column":27},"end":{"line":80,"column":47}},"44":{"start":{"line":81,"column":24},"end":{"line":81,"column":35}},"45":{"start":{"line":82,"column":21},"end":{"line":82,"column":41}},"46":{"start":{"line":83,"column":12},"end":{"line":83,"column":29}},"47":{"start":{"line":84,"column":12},"end":{"line":84,"column":29}},"48":{"start":{"line":85,"column":12},"end":{"line":96,"column":15}},"49":{"start":{"line":86,"column":16},"end":{"line":95,"column":19}},"50":{"start":{"line":87,"column":20},"end":{"line":94,"column":21}},"51":{"start":{"line":89,"column":24},"end":{"line":89,"column":87}},"52":{"start":{"line":89,"column":61},"end":{"line":89,"column":85}},"53":{"start":{"line":90,"column":24},"end":{"line":90,"column":51}},"54":{"start":{"line":91,"column":24},"end":{"line":93,"column":25}},"55":{"start":{"line":92,"column":28},"end":{"line":92,"column":57}},"56":{"start":{"line":99,"column":4},"end":{"line":111,"column":5}},"57":{"start":{"line":100,"column":8},"end":{"line":110,"column":11}},"58":{"start":{"line":101,"column":12},"end":{"line":109,"column":15}},"59":{"start":{"line":102,"column":16},"end":{"line":108,"column":17}},"60":{"start":{"line":104,"column":20},"end":{"line":104,"column":83}},"61":{"start":{"line":104,"column":57},"end":{"line":104,"column":81}},"62":{"start":{"line":105,"column":20},"end":{"line":107,"column":21}},"63":{"start":{"line":106,"column":24},"end":{"line":106,"column":53}},"64":{"start":{"line":112,"column":4},"end":{"line":119,"column":7}},"65":{"start":{"line":113,"column":8},"end":{"line":118,"column":9}},"66":{"start":{"line":115,"column":12},"end":{"line":115,"column":81}},"67":{"start":{"line":115,"column":41},"end":{"line":115,"column":79}},"68":{"start":{"line":116,"column":12},"end":{"line":116,"column":53}},"69":{"start":{"line":116,"column":30},"end":{"line":116,"column":52}},"70":{"start":{"line":117,"column":12},"end":{"line":117,"column":29}},"71":{"start":{"line":120,"column":4},"end":{"line":124,"column":5}},"72":{"start":{"line":121,"column":8},"end":{"line":121,"column":20}},"73":{"start":{"line":123,"column":8},"end":{"line":123,"column":21}},"74":{"start":{"line":128,"column":0},"end":{"line":154,"column":2}},"75":{"start":{"line":130,"column":15},"end":{"line":130,"column":27}},"76":{"start":{"line":131,"column":4},"end":{"line":140,"column":7}},"77":{"start":{"line":132,"column":8},"end":{"line":139,"column":9}},"78":{"start":{"line":134,"column":12},"end":{"line":134,"column":65}},"79":{"start":{"line":134,"column":49},"end":{"line":134,"column":63}},"80":{"start":{"line":135,"column":12},"end":{"line":138,"column":13}},"81":{"start":{"line":136,"column":16},"end":{"line":136,"column":45}},"82":{"start":{"line":137,"column":16},"end":{"line":137,"column":33}},"83":{"start":{"line":141,"column":4},"end":{"line":148,"column":7}},"84":{"start":{"line":142,"column":8},"end":{"line":147,"column":9}},"85":{"start":{"line":144,"column":12},"end":{"line":144,"column":81}},"86":{"start":{"line":144,"column":41},"end":{"line":144,"column":79}},"87":{"start":{"line":145,"column":12},"end":{"line":145,"column":53}},"88":{"start":{"line":145,"column":30},"end":{"line":145,"column":52}},"89":{"start":{"line":146,"column":12},"end":{"line":146,"column":29}},"90":{"start":{"line":149,"column":4},"end":{"line":153,"column":5}},"91":{"start":{"line":150,"column":8},"end":{"line":150,"column":20}},"92":{"start":{"line":152,"column":8},"end":{"line":152,"column":21}}},"fnMap":{"0":{"name":"(anonymous_0)","decl":{"start":{"line":31,"column":19},"end":{"line":31,"column":20}},"loc":{"start":{"line":31,"column":25},"end":{"line":31,"column":30}},"line":31},"1":{"name":"(anonymous_1)","decl":{"start":{"line":33,"column":14},"end":{"line":33,"column":15}},"loc":{"start":{"line":33,"column":19},"end":{"line":33,"column":24}},"line":33},"2":{"name":"fetchRoomById","decl":{"start":{"line":35,"column":27},"end":{"line":35,"column":40}},"loc":{"start":{"line":35,"column":44},"end":{"line":46,"column":1}},"line":35},"3":{"name":"(anonymous_3)","decl":{"start":{"line":38,"column":18},"end":{"line":38,"column":19}},"loc":{"start":{"line":38,"column":24},"end":{"line":42,"column":9}},"line":38},"4":{"name":"updateDetail","decl":{"start":{"line":49,"column":30},"end":{"line":49,"column":42}},"loc":{"start":{"line":49,"column":53},"end":{"line":125,"column":1}},"line":49},"5":{"name":"(anonymous_5)","decl":{"start":{"line":52,"column":18},"end":{"line":52,"column":19}},"loc":{"start":{"line":52,"column":24},"end":{"line":70,"column":5}},"line":52},"6":{"name":"(anonymous_6)","decl":{"start":{"line":53,"column":29},"end":{"line":53,"column":30}},"loc":{"start":{"line":53,"column":37},"end":{"line":69,"column":9}},"line":53},"7":{"name":"(anonymous_7)","decl":{"start":{"line":72,"column":22},"end":{"line":72,"column":23}},"loc":{"start":{"line":72,"column":28},"end":{"line":78,"column":9}},"line":72},"8":{"name":"(anonymous_8)","decl":{"start":{"line":85,"column":26},"end":{"line":85,"column":27}},"loc":{"start":{"line":85,"column":32},"end":{"line":96,"column":13}},"line":85},"9":{"name":"(anonymous_9)","decl":{"start":{"line":86,"column":37},"end":{"line":86,"column":38}},"loc":{"start":{"line":86,"column":45},"end":{"line":95,"column":17}},"line":86},"10":{"name":"(anonymous_10)","decl":{"start":{"line":89,"column":53},"end":{"line":89,"column":54}},"loc":{"start":{"line":89,"column":61},"end":{"line":89,"column":85}},"line":89},"11":{"name":"(anonymous_11)","decl":{"start":{"line":100,"column":22},"end":{"line":100,"column":23}},"loc":{"start":{"line":100,"column":28},"end":{"line":110,"column":9}},"line":100},"12":{"name":"(anonymous_12)","decl":{"start":{"line":101,"column":33},"end":{"line":101,"column":34}},"loc":{"start":{"line":101,"column":41},"end":{"line":109,"column":13}},"line":101},"13":{"name":"(anonymous_13)","decl":{"start":{"line":104,"column":49},"end":{"line":104,"column":50}},"loc":{"start":{"line":104,"column":57},"end":{"line":104,"column":81}},"line":104},"14":{"name":"(anonymous_14)","decl":{"start":{"line":112,"column":18},"end":{"line":112,"column":19}},"loc":{"start":{"line":112,"column":29},"end":{"line":119,"column":5}},"line":112},"15":{"name":"(anonymous_15)","decl":{"start":{"line":115,"column":35},"end":{"line":115,"column":36}},"loc":{"start":{"line":115,"column":41},"end":{"line":115,"column":79}},"line":115},"16":{"name":"(anonymous_16)","decl":{"start":{"line":128,"column":21},"end":{"line":128,"column":22}},"loc":{"start":{"line":128,"column":44},"end":{"line":154,"column":1}},"line":128},"17":{"name":"(anonymous_17)","decl":{"start":{"line":131,"column":18},"end":{"line":131,"column":19}},"loc":{"start":{"line":131,"column":24},"end":{"line":140,"column":5}},"line":131},"18":{"name":"(anonymous_18)","decl":{"start":{"line":134,"column":41},"end":{"line":134,"column":42}},"loc":{"start":{"line":134,"column":49},"end":{"line":134,"column":63}},"line":134},"19":{"name":"(anonymous_19)","decl":{"start":{"line":141,"column":18},"end":{"line":141,"column":19}},"loc":{"start":{"line":141,"column":29},"end":{"line":148,"column":5}},"line":141},"20":{"name":"(anonymous_20)","decl":{"start":{"line":144,"column":35},"end":{"line":144,"column":36}},"loc":{"start":{"line":144,"column":41},"end":{"line":144,"column":79}},"line":144}},"branchMap":{"0":{"loc":{"start":{"line":39,"column":12},"end":{"line":41,"column":13}},"type":"if","locations":[{"start":{"line":39,"column":12},"end":{"line":41,"column":13}},{"start":{},"end":{}}],"line":39},"1":{"loc":{"start":{"line":43,"column":8},"end":{"line":43,"column":40}},"type":"if","locations":[{"start":{"line":43,"column":8},"end":{"line":43,"column":40}},{"start":{},"end":{}}],"line":43},"2":{"loc":{"start":{"line":54,"column":12},"end":{"line":68,"column":13}},"type":"if","locations":[{"start":{"line":54,"column":12},"end":{"line":68,"column":13}},{"start":{},"end":{}}],"line":54},"3":{"loc":{"start":{"line":54,"column":15},"end":{"line":54,"column":110}},"type":"binary-expr","locations":[{"start":{"line":54,"column":15},"end":{"line":54,"column":39}},{"start":{"line":54,"column":43},"end":{"line":54,"column":110}}],"line":54},"4":{"loc":{"start":{"line":71,"column":4},"end":{"line":98,"column":5}},"type":"if","locations":[{"start":{"line":71,"column":4},"end":{"line":98,"column":5}},{"start":{},"end":{}}],"line":71},"5":{"loc":{"start":{"line":73,"column":12},"end":{"line":77,"column":13}},"type":"if","locations":[{"start":{"line":73,"column":12},"end":{"line":77,"column":13}},{"start":{},"end":{}}],"line":73},"6":{"loc":{"start":{"line":79,"column":8},"end":{"line":97,"column":9}},"type":"if","locations":[{"start":{"line":79,"column":8},"end":{"line":97,"column":9}},{"start":{},"end":{}}],"line":79},"7":{"loc":{"start":{"line":87,"column":20},"end":{"line":94,"column":21}},"type":"if","locations":[{"start":{"line":87,"column":20},"end":{"line":94,"column":21}},{"start":{},"end":{}}],"line":87},"8":{"loc":{"start":{"line":87,"column":23},"end":{"line":87,"column":118}},"type":"binary-expr","locations":[{"start":{"line":87,"column":23},"end":{"line":87,"column":47}},{"start":{"line":87,"column":51},"end":{"line":87,"column":118}}],"line":87},"9":{"loc":{"start":{"line":91,"column":24},"end":{"line":93,"column":25}},"type":"if","locations":[{"start":{"line":91,"column":24},"end":{"line":93,"column":25}},{"start":{},"end":{}}],"line":91},"10":{"loc":{"start":{"line":99,"column":4},"end":{"line":111,"column":5}},"type":"if","locations":[{"start":{"line":99,"column":4},"end":{"line":111,"column":5}},{"start":{},"end":{}}],"line":99},"11":{"loc":{"start":{"line":102,"column":16},"end":{"line":108,"column":17}},"type":"if","locations":[{"start":{"line":102,"column":16},"end":{"line":108,"column":17}},{"start":{},"end":{}}],"line":102},"12":{"loc":{"start":{"line":102,"column":19},"end":{"line":102,"column":114}},"type":"binary-expr","locations":[{"start":{"line":102,"column":19},"end":{"line":102,"column":43}},{"start":{"line":102,"column":47},"end":{"line":102,"column":114}}],"line":102},"13":{"loc":{"start":{"line":105,"column":20},"end":{"line":107,"column":21}},"type":"if","locations":[{"start":{"line":105,"column":20},"end":{"line":107,"column":21}},{"start":{},"end":{}}],"line":105},"14":{"loc":{"start":{"line":113,"column":8},"end":{"line":118,"column":9}},"type":"if","locations":[{"start":{"line":113,"column":8},"end":{"line":118,"column":9}},{"start":{},"end":{}}],"line":113},"15":{"loc":{"start":{"line":116,"column":12},"end":{"line":116,"column":53}},"type":"if","locations":[{"start":{"line":116,"column":12},"end":{"line":116,"column":53}},{"start":{},"end":{}}],"line":116},"16":{"loc":{"start":{"line":120,"column":4},"end":{"line":124,"column":5}},"type":"if","locations":[{"start":{"line":120,"column":4},"end":{"line":124,"column":5}},{"start":{"line":122,"column":9},"end":{"line":124,"column":5}}],"line":120},"17":{"loc":{"start":{"line":132,"column":8},"end":{"line":139,"column":9}},"type":"if","locations":[{"start":{"line":132,"column":8},"end":{"line":139,"column":9}},{"start":{},"end":{}}],"line":132},"18":{"loc":{"start":{"line":135,"column":12},"end":{"line":138,"column":13}},"type":"if","locations":[{"start":{"line":135,"column":12},"end":{"line":138,"column":13}},{"start":{},"end":{}}],"line":135},"19":{"loc":{"start":{"line":142,"column":8},"end":{"line":147,"column":9}},"type":"if","locations":[{"start":{"line":142,"column":8},"end":{"line":147,"column":9}},{"start":{},"end":{}}],"line":142},"20":{"loc":{"start":{"line":145,"column":12},"end":{"line":145,"column":53}},"type":"if","locations":[{"start":{"line":145,"column":12},"end":{"line":145,"column":53}},{"start":{},"end":{}}],"line":145},"21":{"loc":{"start":{"line":149,"column":4},"end":{"line":153,"column":5}},"type":"if","locations":[{"start":{"line":149,"column":4},"end":{"line":153,"column":5}},{"start":{"line":151,"column":9},"end":{"line":153,"column":5}}],"line":149}},"s":{"0":1,"1":1,"2":1,"3":1,"4":1,"5":1,"6":1,"7":0,"8":1,"9":0,"10":1,"11":0,"12":0,"13":0,"14":0,"15":0,"16":0,"17":0,"18":1,"19":0,"20":0,"21":0,"22":0,"23":0,"24":0,"25":0,"26":0,"27":0,"28":0,"29":0,"30":0,"31":0,"32":0,"33":0,"34":0,"35":0,"36":0,"37":0,"38":0,"39":0,"40":0,"41":0,"42":0,"43":0,"44":0,"45":0,"46":0,"47":0,"48":0,"49":0,"50":0,"51":0,"52":0,"53":0,"54":0,"55":0,"56":0,"57":0,"58":0,"59":0,"60":0,"61":0,"62":0,"63":0,"64":0,"65":0,"66":0,"67":0,"68":0,"69":0,"70":0,"71":0,"72":0,"73":0,"74":1,"75":0,"76":0,"77":0,"78":0,"79":0,"80":0,"81":0,"82":0,"83":0,"84":0,"85":0,"86":0,"87":0,"88":0,"89":0,"90":0,"91":0,"92":0},"f":{"0":0,"1":0,"2":0,"3":0,"4":0,"5":0,"6":0,"7":0,"8":0,"9":0,"10":0,"11":0,"12":0,"13":0,"14":0,"15":0,"16":0,"17":0,"18":0,"19":0,"20":0},"b":{"0":[0,0],"1":[0,0],"2":[0,0],"3":[0,0],"4":[0,0],"5":[0,0],"6":[0,0],"7":[0,0],"8":[0,0],"9":[0,0],"10":[0,0],"11":[0,0],"12":[0,0],"13":[0,0],"14":[0,0],"15":[0,0],"16":[0,0],"17":[0,0],"18":[0,0],"19":[0,0],"20":[0,0],"21":[0,0]},"_coverageSchema":"1a1c01bbd47fc00a2c39e90264f33305004495a9","hash":"219387dd80a25bd65c2c01923cdb6c26178da28a"}
,"C:\\Users\\15138\\Documents\\GitHub\\SSDI-PROJECT-8\\Models\\rsvp.js": {"path":"C:\\Users\\15138\\Documents\\GitHub\\SSDI-PROJECT-8\\Models\\rsvp.js","statementMap":{"0":{"start":{"line":1,"column":17},"end":{"line":1,"column":36}},"1":{"start":{"line":2,"column":15},"end":{"line":2,"column":30}},"2":{"start":{"line":4,"column":23},"end":{"line":4,"column":75}},"3":{"start":{"line":6,"column":19},"end":{"line":11,"column":2}},"4":{"start":{"line":13,"column":0},"end":{"line":13,"column":49}}},"fnMap":{},"branchMap":{},"s":{"0":1,"1":1,"2":1,"3":1,"4":1},"f":{},"b":{},"_coverageSchema":"1a1c01bbd47fc00a2c39e90264f33305004495a9","hash":"612c975503a6766327606d77fbfa0e95fa609fc4"}
,"C:\\Users\\15138\\Documents\\GitHub\\SSDI-PROJECT-8\\Models\\user.js": {"path":"C:\\Users\\15138\\Documents\\GitHub\\SSDI-PROJECT-8\\Models\\user.js","statementMap":{"0":{"start":{"line":1,"column":17},"end":{"line":1,"column":36}},"1":{"start":{"line":2,"column":15},"end":{"line":2,"column":30}},"2":{"start":{"line":3,"column":15},"end":{"line":3,"column":32}},"3":{"start":{"line":5,"column":19},"end":{"line":10,"column":2}},"4":{"start":{"line":13,"column":0},"end":{"line":24,"column":3}},"5":{"start":{"line":14,"column":15},"end":{"line":14,"column":19}},"6":{"start":{"line":15,"column":4},"end":{"line":16,"column":20}},"7":{"start":{"line":16,"column":8},"end":{"line":16,"column":20}},"8":{"start":{"line":17,"column":4},"end":{"line":22,"column":26}},"9":{"start":{"line":19,"column":8},"end":{"line":19,"column":29}},"10":{"start":{"line":20,"column":8},"end":{"line":20,"column":15}},"11":{"start":{"line":22,"column":16},"end":{"line":22,"column":25}},"12":{"start":{"line":28,"column":0},"end":{"line":30,"column":1}},"13":{"start":{"line":29,"column":3},"end":{"line":29,"column":53}},"14":{"start":{"line":33,"column":0},"end":{"line":33,"column":51}}},"fnMap":{"0":{"name":"(anonymous_0)","decl":{"start":{"line":13,"column":23},"end":{"line":13,"column":24}},"loc":{"start":{"line":13,"column":37},"end":{"line":24,"column":1}},"line":13},"1":{"name":"(anonymous_1)","decl":{"start":{"line":18,"column":10},"end":{"line":18,"column":11}},"loc":{"start":{"line":18,"column":16},"end":{"line":21,"column":5}},"line":18},"2":{"name":"(anonymous_2)","decl":{"start":{"line":22,"column":11},"end":{"line":22,"column":12}},"loc":{"start":{"line":22,"column":16},"end":{"line":22,"column":25}},"line":22},"3":{"name":"(anonymous_3)","decl":{"start":{"line":28,"column":37},"end":{"line":28,"column":38}},"loc":{"start":{"line":28,"column":60},"end":{"line":30,"column":1}},"line":28}},"branchMap":{"0":{"loc":{"start":{"line":15,"column":4},"end":{"line":16,"column":20}},"type":"if","locations":[{"start":{"line":15,"column":4},"end":{"line":16,"column":20}},{"start":{},"end":{}}],"line":15}},"s":{"0":1,"1":1,"2":1,"3":1,"4":1,"5":0,"6":0,"7":0,"8":0,"9":0,"10":0,"11":0,"12":1,"13":0,"14":1},"f":{"0":0,"1":0,"2":0,"3":0},"b":{"0":[0,0]},"_coverageSchema":"1a1c01bbd47fc00a2c39e90264f33305004495a9","hash":"70a17e4aa16b615b5bd454a2203a9ac1ac370980"}
,"C:\\Users\\15138\\Documents\\GitHub\\SSDI-PROJECT-8\\middlewares\\auth.js": {"path":"C:\\Users\\15138\\Documents\\GitHub\\SSDI-PROJECT-8\\middlewares\\auth.js","statementMap":{"0":{"start":{"line":1,"column":14},"end":{"line":1,"column":39}},"1":{"start":{"line":3,"column":0},"end":{"line":10,"column":1}},"2":{"start":{"line":4,"column":4},"end":{"line":9,"column":5}},"3":{"start":{"line":5,"column":8},"end":{"line":5,"column":22}},"4":{"start":{"line":7,"column":8},"end":{"line":7,"column":58}},"5":{"start":{"line":8,"column":8},"end":{"line":8,"column":46}},"6":{"start":{"line":12,"column":0},"end":{"line":19,"column":1}},"7":{"start":{"line":13,"column":4},"end":{"line":18,"column":5}},"8":{"start":{"line":14,"column":8},"end":{"line":14,"column":22}},"9":{"start":{"line":16,"column":8},"end":{"line":16,"column":52}},"10":{"start":{"line":17,"column":8},"end":{"line":17,"column":44}},"11":{"start":{"line":21,"column":0},"end":{"line":34,"column":1}},"12":{"start":{"line":22,"column":13},"end":{"line":22,"column":26}},"13":{"start":{"line":23,"column":4},"end":{"line":33,"column":27}},"14":{"start":{"line":25,"column":8},"end":{"line":31,"column":9}},"15":{"start":{"line":26,"column":12},"end":{"line":26,"column":26}},"16":{"start":{"line":28,"column":22},"end":{"line":28,"column":70}},"17":{"start":{"line":29,"column":12},"end":{"line":29,"column":29}},"18":{"start":{"line":30,"column":12},"end":{"line":30,"column":29}},"19":{"start":{"line":33,"column":16},"end":{"line":33,"column":25}},"20":{"start":{"line":37,"column":0},"end":{"line":50,"column":1}},"21":{"start":{"line":38,"column":13},"end":{"line":38,"column":26}},"22":{"start":{"line":39,"column":4},"end":{"line":49,"column":27}},"23":{"start":{"line":41,"column":8},"end":{"line":47,"column":9}},"24":{"start":{"line":42,"column":12},"end":{"line":42,"column":26}},"25":{"start":{"line":44,"column":22},"end":{"line":44,"column":70}},"26":{"start":{"line":45,"column":12},"end":{"line":45,"column":29}},"27":{"start":{"line":46,"column":12},"end":{"line":46,"column":29}},"28":{"start":{"line":49,"column":16},"end":{"line":49,"column":25}},"29":{"start":{"line":52,"column":0},"end":{"line":65,"column":1}},"30":{"start":{"line":53,"column":13},"end":{"line":53,"column":26}},"31":{"start":{"line":54,"column":4},"end":{"line":64,"column":27}},"32":{"start":{"line":56,"column":8},"end":{"line":62,"column":9}},"33":{"start":{"line":57,"column":12},"end":{"line":57,"column":26}},"34":{"start":{"line":59,"column":22},"end":{"line":59,"column":70}},"35":{"start":{"line":60,"column":12},"end":{"line":60,"column":29}},"36":{"start":{"line":61,"column":12},"end":{"line":61,"column":29}},"37":{"start":{"line":64,"column":16},"end":{"line":64,"column":25}}},"fnMap":{"0":{"name":"(anonymous_0)","decl":{"start":{"line":3,"column":18},"end":{"line":3,"column":19}},"loc":{"start":{"line":3,"column":34},"end":{"line":10,"column":1}},"line":3},"1":{"name":"(anonymous_1)","decl":{"start":{"line":12,"column":21},"end":{"line":12,"column":22}},"loc":{"start":{"line":12,"column":37},"end":{"line":19,"column":1}},"line":12},"2":{"name":"(anonymous_2)","decl":{"start":{"line":21,"column":19},"end":{"line":21,"column":20}},"loc":{"start":{"line":21,"column":35},"end":{"line":34,"column":1}},"line":21},"3":{"name":"(anonymous_3)","decl":{"start":{"line":24,"column":10},"end":{"line":24,"column":11}},"loc":{"start":{"line":24,"column":16},"end":{"line":32,"column":5}},"line":24},"4":{"name":"(anonymous_4)","decl":{"start":{"line":33,"column":11},"end":{"line":33,"column":12}},"loc":{"start":{"line":33,"column":16},"end":{"line":33,"column":25}},"line":33},"5":{"name":"(anonymous_5)","decl":{"start":{"line":37,"column":26},"end":{"line":37,"column":27}},"loc":{"start":{"line":37,"column":42},"end":{"line":50,"column":1}},"line":37},"6":{"name":"(anonymous_6)","decl":{"start":{"line":40,"column":10},"end":{"line":40,"column":11}},"loc":{"start":{"line":40,"column":16},"end":{"line":48,"column":5}},"line":40},"7":{"name":"(anonymous_7)","decl":{"start":{"line":49,"column":11},"end":{"line":49,"column":12}},"loc":{"start":{"line":49,"column":16},"end":{"line":49,"column":25}},"line":49},"8":{"name":"(anonymous_8)","decl":{"start":{"line":52,"column":23},"end":{"line":52,"column":24}},"loc":{"start":{"line":52,"column":39},"end":{"line":65,"column":1}},"line":52},"9":{"name":"(anonymous_9)","decl":{"start":{"line":55,"column":10},"end":{"line":55,"column":11}},"loc":{"start":{"line":55,"column":16},"end":{"line":63,"column":5}},"line":55},"10":{"name":"(anonymous_10)","decl":{"start":{"line":64,"column":11},"end":{"line":64,"column":12}},"loc":{"start":{"line":64,"column":16},"end":{"line":64,"column":25}},"line":64}},"branchMap":{"0":{"loc":{"start":{"line":4,"column":4},"end":{"line":9,"column":5}},"type":"if","locations":[{"start":{"line":4,"column":4},"end":{"line":9,"column":5}},{"start":{"line":6,"column":9},"end":{"line":9,"column":5}}],"line":4},"1":{"loc":{"start":{"line":13,"column":4},"end":{"line":18,"column":5}},"type":"if","locations":[{"start":{"line":13,"column":4},"end":{"line":18,"column":5}},{"start":{"line":15,"column":9},"end":{"line":18,"column":5}}],"line":13},"2":{"loc":{"start":{"line":25,"column":8},"end":{"line":31,"column":9}},"type":"if","locations":[{"start":{"line":25,"column":8},"end":{"line":31,"column":9}},{"start":{"line":27,"column":13},"end":{"line":31,"column":9}}],"line":25},"3":{"loc":{"start":{"line":41,"column":8},"end":{"line":47,"column":9}},"type":"if","locations":[{"start":{"line":41,"column":8},"end":{"line":47,"column":9}},{"start":{"line":43,"column":13},"end":{"line":47,"column":9}}],"line":41},"4":{"loc":{"start":{"line":56,"column":8},"end":{"line":62,"column":9}},"type":"if","locations":[{"start":{"line":56,"column":8},"end":{"line":62,"column":9}},{"start":{"line":58,"column":13},"end":{"line":62,"column":9}}],"line":56}},"s":{"0":1,"1":1,"2":0,"3":0,"4":0,"5":0,"6":1,"7":0,"8":0,"9":0,"10":0,"11":1,"12":0,"13":0,"14":0,"15":0,"16":0,"17":0,"18":0,"19":0,"20":1,"21":0,"22":0,"23":0,"24":0,"25":0,"26":0,"27":0,"28":0,"29":1,"30":0,"31":0,"32":0,"33":0,"34":0,"35":0,"36":0,"37":0},"f":{"0":0,"1":0,"2":0,"3":0,"4":0,"5":0,"6":0,"7":0,"8":0,"9":0,"10":0},"b":{"0":[0,0],"1":[0,0],"2":[0,0],"3":[0,0],"4":[0,0]},"_coverageSchema":"1a1c01bbd47fc00a2c39e90264f33305004495a9","hash":"71fe7ae323c8578fbc711506aad6886791356f1d"}
,"C:\\Users\\15138\\Documents\\GitHub\\SSDI-PROJECT-8\\middlewares\\validator.js": {"path":"C:\\Users\\15138\\Documents\\GitHub\\SSDI-PROJECT-8\\middlewares\\validator.js","statementMap":{"0":{"start":{"line":1,"column":15},"end":{"line":1,"column":43}},"1":{"start":{"line":2,"column":27},"end":{"line":2,"column":55}},"2":{"start":{"line":3,"column":19},"end":{"line":3,"column":35}},"3":{"start":{"line":4,"column":16},"end":{"line":4,"column":53}},"4":{"start":{"line":6,"column":0},"end":{"line":16,"column":1}},"5":{"start":{"line":7,"column":13},"end":{"line":7,"column":26}},"6":{"start":{"line":8,"column":4},"end":{"line":15,"column":5}},"7":{"start":{"line":10,"column":18},"end":{"line":10,"column":58}},"8":{"start":{"line":11,"column":8},"end":{"line":11,"column":25}},"9":{"start":{"line":12,"column":8},"end":{"line":12,"column":25}},"10":{"start":{"line":14,"column":8},"end":{"line":14,"column":22}},"11":{"start":{"line":18,"column":0},"end":{"line":25,"column":2}},"12":{"start":{"line":27,"column":0},"end":{"line":31,"column":2}},"13":{"start":{"line":33,"column":0},"end":{"line":58,"column":1}},"14":{"start":{"line":47,"column":8},"end":{"line":51,"column":9}},"15":{"start":{"line":48,"column":12},"end":{"line":48,"column":67}},"16":{"start":{"line":50,"column":12},"end":{"line":50,"column":24}},"17":{"start":{"line":60,"column":0},"end":{"line":70,"column":1}},"18":{"start":{"line":61,"column":4},"end":{"line":61,"column":45}},"19":{"start":{"line":62,"column":4},"end":{"line":69,"column":5}},"20":{"start":{"line":64,"column":8},"end":{"line":64,"column":22}},"21":{"start":{"line":66,"column":18},"end":{"line":66,"column":66}},"22":{"start":{"line":67,"column":8},"end":{"line":67,"column":24}},"23":{"start":{"line":68,"column":8},"end":{"line":68,"column":18}},"24":{"start":{"line":73,"column":0},"end":{"line":83,"column":1}},"25":{"start":{"line":74,"column":16},"end":{"line":74,"column":37}},"26":{"start":{"line":75,"column":4},"end":{"line":82,"column":5}},"27":{"start":{"line":76,"column":8},"end":{"line":78,"column":11}},"28":{"start":{"line":77,"column":12},"end":{"line":77,"column":41}},"29":{"start":{"line":79,"column":8},"end":{"line":79,"column":29}},"30":{"start":{"line":81,"column":8},"end":{"line":81,"column":22}}},"fnMap":{"0":{"name":"(anonymous_0)","decl":{"start":{"line":6,"column":21},"end":{"line":6,"column":22}},"loc":{"start":{"line":6,"column":37},"end":{"line":16,"column":1}},"line":6},"1":{"name":"(anonymous_1)","decl":{"start":{"line":46,"column":60},"end":{"line":46,"column":61}},"loc":{"start":{"line":46,"column":75},"end":{"line":52,"column":5}},"line":46},"2":{"name":"(anonymous_2)","decl":{"start":{"line":60,"column":23},"end":{"line":60,"column":24}},"loc":{"start":{"line":60,"column":39},"end":{"line":70,"column":1}},"line":60},"3":{"name":"(anonymous_3)","decl":{"start":{"line":73,"column":25},"end":{"line":73,"column":26}},"loc":{"start":{"line":73,"column":41},"end":{"line":83,"column":1}},"line":73},"4":{"name":"(anonymous_4)","decl":{"start":{"line":76,"column":31},"end":{"line":76,"column":32}},"loc":{"start":{"line":76,"column":38},"end":{"line":78,"column":9}},"line":76}},"branchMap":{"0":{"loc":{"start":{"line":8,"column":4},"end":{"line":15,"column":5}},"type":"if","locations":[{"start":{"line":8,"column":4},"end":{"line":15,"column":5}},{"start":{"line":13,"column":9},"end":{"line":15,"column":5}}],"line":8},"1":{"loc":{"start":{"line":47,"column":8},"end":{"line":51,"column":9}},"type":"if","locations":[{"start":{"line":47,"column":8},"end":{"line":51,"column":9}},{"start":{"line":49,"column":13},"end":{"line":51,"column":9}}],"line":47},"2":{"loc":{"start":{"line":62,"column":4},"end":{"line":69,"column":5}},"type":"if","locations":[{"start":{"line":62,"column":4},"end":{"line":69,"column":5}},{"start":{"line":65,"column":9},"end":{"line":69,"column":5}}],"line":62},"3":{"loc":{"start":{"line":62,"column":7},"end":{"line":62,"column":133}},"type":"binary-expr","locations":[{"start":{"line":62,"column":8},"end":{"line":62,"column":45}},{"start":{"line":62,"column":51},"end":{"line":62,"column":87}},{"start":{"line":62,"column":93},"end":{"line":62,"column":132}}],"line":62},"4":{"loc":{"start":{"line":75,"column":4},"end":{"line":82,"column":5}},"type":"if","locations":[{"start":{"line":75,"column":4},"end":{"line":82,"column":5}},{"start":{"line":80,"column":9},"end":{"line":82,"column":5}}],"line":75}},"s":{"0":1,"1":1,"2":1,"3":1,"4":1,"5":0,"6":0,"7":0,"8":0,"9":0,"10":0,"11":1,"12":1,"13":1,"14":0,"15":0,"16":0,"17":1,"18":0,"19":0,"20":0,"21":0,"22":0,"23":0,"24":1,"25":0,"26":0,"27":0,"28":0,"29":0,"30":0},"f":{"0":0,"1":0,"2":0,"3":0,"4":0},"b":{"0":[0,0],"1":[0,0],"2":[0,0],"3":[0,0,0],"4":[0,0]},"_coverageSchema":"1a1c01bbd47fc00a2c39e90264f33305004495a9","hash":"4c605c48a3e51b43036604cb326025e2c5fdd17b"}
}
